\BOOKMARK [0][-]{section*.3}{\376\377\000C\000o\000n\000t\000e\000\372\000d\000o}{}% 1
\BOOKMARK [0][-]{chapter*.4}{\376\377\000L\000i\000s\000t\000a\000\040\000d\000e\000\040\000F\000i\000g\000u\000r\000a\000s}{}% 2
\BOOKMARK [0][-]{chapter*.4}{\376\377\000L\000i\000s\000t\000a\000\040\000d\000e\000\040\000C\000\363\000d\000i\000g\000o\000s}{}% 3
\BOOKMARK [0][-]{chapter*.6}{\376\377\000L\000i\000s\000t\000a\000\040\000d\000e\000\040\000A\000b\000r\000e\000v\000i\000a\000t\000u\000r\000a\000s\000\040\000e\000\040\000S\000i\000g\000l\000a\000s}{}% 4
\BOOKMARK [0][-]{chapter.1}{\376\377\000I\000n\000t\000r\000o\000d\000u\000\347\000\343\000o}{}% 5
\BOOKMARK [1][-]{section.1.1}{\376\377\000A\000p\000r\000e\000s\000e\000n\000t\000a\000\347\000\343\000o}{chapter.1}% 6
\BOOKMARK [2][-]{subsection.1.1.1}{\376\377\000O\000b\000j\000e\000t\000i\000v\000o}{section.1.1}% 7
\BOOKMARK [2][-]{subsection.1.1.2}{\376\377\000M\000\351\000t\000o\000d\000o}{section.1.1}% 8
\BOOKMARK [2][-]{subsection.1.1.3}{\376\377\000R\000e\000s\000u\000l\000t\000a\000d\000o\000s}{section.1.1}% 9
\BOOKMARK [1][-]{section.1.2}{\376\377\000B\000r\000e\000v\000e\000\040\000h\000i\000s\000t\000\363\000r\000i\000c\000o\000\040\000d\000o\000\040\000M\000C\000T\000e\000s\000t}{chapter.1}% 10
\BOOKMARK [2][-]{subsection.1.2.1}{\376\377\000M\000C\000T\000e\000s\000t\000\040\000n\000o\000\040\000T\000S\000I}{section.1.2}% 11
\BOOKMARK [2][-]{subsection.1.2.2}{\376\377\000V\000e\000r\000s\000\365\000e\000s\000\040\000d\000o\000\040\000M\000C\000T\000e\000s\000t}{section.1.2}% 12
\BOOKMARK [2][-]{subsection.1.2.3}{\376\377\000M\000C\000T\000e\000s\000t\000\040\000n\000o\000s\000\040\000p\000r\000o\000c\000e\000s\000s\000o\000s\000\040\000s\000e\000l\000e\000t\000i\000v\000o\000s\000\040\000e\000\040\000e\000x\000a\000m\000e\000s\000\040\000d\000e\000\040\000d\000i\000s\000c\000i\000p\000l\000i\000n\000a\000s\000\040\000d\000o\000\040\000T\000S\000I}{section.1.2}% 13
\BOOKMARK [2][-]{subsection.1.2.4}{\376\377\000M\000C\000T\000e\000s\000t\000\040\000n\000a\000\040\000E\000s\000c\000o\000l\000a\000\040\000P\000r\000e\000p\000a\000r\000a\000t\000\363\000r\000i\000a}{section.1.2}% 14
\BOOKMARK [1][-]{section.1.3}{\376\377\000D\000i\000r\000e\000i\000t\000o\000s\000\040\000a\000u\000t\000o\000r\000a\000i\000s}{chapter.1}% 15
\BOOKMARK [2][-]{subsection.1.3.1}{\376\377\000D\000i\000r\000e\000i\000t\000o\000s\000\040\000a\000u\000t\000o\000r\000a\000i\000s\000\040\000d\000o\000\040\000s\000o\000f\000t\000w\000a\000r\000e}{section.1.3}% 16
\BOOKMARK [2][-]{subsection.1.3.2}{\376\377\000D\000i\000r\000e\000i\000t\000o\000s\000\040\000a\000u\000t\000o\000r\000a\000i\000s\000\040\000d\000a\000s\000\040\000q\000u\000e\000s\000t\000\365\000e\000s\000\040\000d\000i\000s\000p\000o\000n\000\355\000v\000e\000i\000s\000\040\000n\000o\000\040\000B\000D}{section.1.3}% 17
\BOOKMARK [1][-]{section.1.4}{\376\377\000I\000n\000s\000t\000a\000l\000a\000n\000d\000o\000\040\000o\000\040\000M\000C\000T\000e\000s\000t}{chapter.1}% 18
\BOOKMARK [1][-]{section.1.5}{\376\377\000O\000r\000g\000a\000n\000i\000z\000a\000\347\000\343\000o\000\040\000d\000o\000\040\000l\000i\000v\000r\000o}{chapter.1}% 19
\BOOKMARK [-1][-]{part.1}{\376\377\000I\000\040\000F\000u\000n\000d\000a\000m\000e\000n\000t\000o\000s\000\040\000d\000o\000\040\000M\000C\000T\000e\000s\000t}{}% 20
\BOOKMARK [0][-]{chapter.2}{\376\377\000V\000i\000s\000\343\000o\000\040\000g\000e\000r\000a\000l\000\040\000d\000o\000\040\000M\000C\000T\000e\000s\000t}{part.1}% 21
\BOOKMARK [1][-]{section.2.1}{\376\377\000N\000a\000v\000e\000g\000a\000\347\000\343\000o\000\040\000g\000e\000r\000a\000l\000\040\000e\000\040\000u\000s\000u\000\341\000r\000i\000o\000s}{chapter.2}% 22
\BOOKMARK [1][-]{section.2.2}{\376\377\000C\000r\000i\000a\000r\000\040\000e\000n\000t\000i\000d\000a\000d\000e\000s}{chapter.2}% 23
\BOOKMARK [2][-]{subsection.2.2.1}{\376\377\000I\000n\000s\000t\000i\000t\000u\000t\000o}{section.2.2}% 24
\BOOKMARK [2][-]{subsection.2.2.2}{\376\377\000C\000u\000r\000s\000o}{section.2.2}% 25
\BOOKMARK [2][-]{subsection.2.2.3}{\376\377\000D\000i\000s\000c\000i\000p\000l\000i\000n\000a}{section.2.2}% 26
\BOOKMARK [2][-]{subsection.2.2.4}{\376\377\000T\000u\000r\000m\000a}{section.2.2}% 27
\BOOKMARK [2][-]{subsection.2.2.5}{\376\377\000T\000\363\000p\000i\000c\000o}{section.2.2}% 28
\BOOKMARK [1][-]{section.2.3}{\376\377\000C\000o\000n\000s\000i\000d\000e\000r\000a\000\347\000\365\000e\000s\000\040\000f\000i\000n\000a\000i\000s}{chapter.2}% 29
\BOOKMARK [0][-]{chapter.3}{\376\377\000R\000e\000c\000u\000r\000s\000o\000s\000\040\000a\000v\000a\000n\000\347\000a\000d\000o\000s}{part.1}% 30
\BOOKMARK [1][-]{section.3.1}{\376\377\000A\000d\000m\000i\000n\000i\000s\000t\000r\000a\000d\000o\000r}{chapter.3}% 31
\BOOKMARK [2][-]{subsection.3.1.1}{\376\377\000C\000r\000i\000a\000r\000\040\000u\000m\000\040\000c\000u\000r\000s\000o\000\040\000r\000e\000l\000a\000c\000i\000o\000n\000a\000d\000o\000\040\000a\000\040\000d\000o\000i\000s\000\040\000i\000n\000s\000t\000i\000t\000u\000t\000o\000s}{section.3.1}% 32
\BOOKMARK [2][-]{subsection.3.1.2}{\376\377\000C\000r\000i\000a\000r\000\040\000u\000m\000a\000\040\000d\000i\000s\000c\000i\000p\000l\000i\000n\000a\000\040\000r\000e\000l\000a\000c\000i\000o\000n\000a\000d\000a\000\040\000a\000\040\000d\000o\000i\000s\000\040\000c\000u\000r\000s\000o\000s}{section.3.1}% 33
\BOOKMARK [2][-]{subsection.3.1.3}{\376\377\000A\000c\000e\000s\000s\000o\000\040\000a\000o\000\040\000b\000a\000n\000c\000o\000\040\000d\000e\000\040\000d\000a\000d\000o\000s}{section.3.1}% 34
\BOOKMARK [1][-]{section.3.2}{\376\377\000C\000o\000o\000r\000d\000e\000n\000a\000d\000o\000r}{chapter.3}% 35
\BOOKMARK [2][-]{subsection.3.2.1}{\376\377\000C\000r\000i\000a\000r\000\040\000u\000m\000\040\000t\000\363\000p\000i\000c\000o\000\040\000r\000e\000l\000a\000c\000i\000o\000n\000a\000d\000o\000\040\000a\000\040\000d\000u\000a\000s\000\040\000o\000u\000\040\000m\000a\000i\000s\000\040\000d\000i\000s\000c\000i\000p\000l\000i\000n\000a\000s}{section.3.2}% 36
\BOOKMARK [2][-]{subsection.3.2.2}{\376\377\000C\000r\000i\000a\000r\000\040\000v\000\341\000r\000i\000a\000s\000\040\000t\000u\000r\000m\000a\000s\000\040\000c\000o\000m\000\040\000a\000r\000q\000u\000i\000v\000o\000\040\000C\000S\000V}{section.3.2}% 37
\BOOKMARK [1][-]{section.3.3}{\376\377\000P\000r\000o\000f\000e\000s\000s\000o\000r}{chapter.3}% 38
\BOOKMARK [2][-]{subsection.3.3.1}{\376\377\000C\000r\000i\000a\000r\000\040\000t\000u\000r\000m\000a\000\040\000c\000o\000m\000\040\000a\000r\000q\000u\000i\000v\000o\000\040\000C\000S\000V}{section.3.3}% 39
\BOOKMARK [2][-]{subsection.3.3.2}{\376\377\000C\000r\000i\000a\000r\000\040\000t\000u\000r\000m\000a\000\040\000c\000o\000m\000\040\000a\000r\000q\000u\000i\000v\000o\000\040\000C\000S\000V\000\040\040\023\000\040\000r\000e\000s\000t\000r\000i\000\347\000\365\000e\000s}{section.3.3}% 40
\BOOKMARK [1][-]{section.3.4}{\376\377\000C\000o\000n\000s\000i\000d\000e\000r\000a\000\347\000\365\000e\000s\000\040\000f\000i\000n\000a\000i\000s}{chapter.3}% 41
\BOOKMARK [-1][-]{part.2}{\376\377\000I\000I\000\040\000Q\000u\000e\000s\000t\000\365\000e\000s\000\040\000n\000o\000\040\000M\000C\000T\000e\000s\000t}{}% 42
\BOOKMARK [0][-]{chapter.4}{\376\377\000Q\000u\000e\000s\000t\000\365\000e\000s\000\040\000e\000s\000t\000\341\000t\000i\000c\000a\000s}{part.2}% 43
\BOOKMARK [1][-]{section.4.1}{\376\377\000T\000u\000t\000o\000r\000i\000a\000i\000s\000\040\000g\000e\000r\000a\000i\000s\000\040\000s\000o\000b\000r\000e\000\040\000a\000\040\000n\000a\000v\000e\000g\000a\000\347\000\343\000o\000\040\000d\000e\000\040\000q\000u\000e\000s\000t\000\365\000e\000s}{chapter.4}% 44
\BOOKMARK [1][-]{section.4.2}{\376\377\000Q\000u\000e\000s\000t\000\343\000o\000\040\000d\000e\000\040\000m\000\372\000l\000t\000i\000p\000l\000a\000\040\000e\000s\000c\000o\000l\000h\000a\000\040\000\050\000Q\000M\000\051}{chapter.4}% 45
\BOOKMARK [1][-]{section.4.3}{\376\377\000Q\000u\000e\000s\000t\000\343\000o\000\040\000d\000i\000s\000s\000e\000r\000t\000a\000t\000i\000v\000a\000\040\000\050\000Q\000T\000\051}{chapter.4}% 46
\BOOKMARK [1][-]{section.4.4}{\376\377\000C\000o\000n\000s\000i\000d\000e\000r\000a\000\347\000\365\000e\000s\000\040\000f\000i\000n\000a\000i\000s}{chapter.4}% 47
\BOOKMARK [0][-]{chapter.5}{\376\377\000Q\000u\000e\000s\000t\000\365\000e\000s\000\040\000p\000a\000r\000a\000m\000\351\000t\000r\000i\000c\000a\000s}{part.2}% 48
\BOOKMARK [1][-]{section.5.1}{\376\377\000Q\000M\000\040\000p\000a\000r\000a\000m\000\351\000t\000r\000i\000c\000a}{chapter.5}% 49
\BOOKMARK [2][-]{subsection.5.1.1}{\376\377\000U\000m\000\040\000e\000x\000e\000m\000p\000l\000o}{section.5.1}% 50
\BOOKMARK [2][-]{subsection.5.1.2}{\376\377\000Q\000M\000\040\000p\000a\000r\000a\000m\000\351\000t\000r\000i\000c\000a\000\040\000n\000o\000\040\000M\000C\000T\000e\000s\000t}{section.5.1}% 51
\BOOKMARK [1][-]{section.5.2}{\376\377\000Q\000T\000\040\000p\000a\000r\000a\000m\000\351\000t\000r\000i\000c\000a}{chapter.5}% 52
\BOOKMARK [2][-]{subsection.5.2.1}{\376\377\000E\000x\000e\000m\000p\000l\000o\000\040\0001\000\040\040\023\000\040\000T\000e\000s\000t\000e\000\040\000d\000e\000\040\000m\000e\000s\000a}{section.5.2}% 53
\BOOKMARK [2][-]{subsection.5.2.2}{\376\377\000E\000x\000e\000m\000p\000l\000o\000\040\0002\000\040\040\023\000\040\000T\000e\000s\000t\000e\000\040\000d\000e\000\040\000m\000e\000s\000a\000\040\000e\000\040\000g\000a\000b\000a\000r\000i\000t\000o}{section.5.2}% 54
\BOOKMARK [2][-]{subsection.5.2.3}{\376\377\000E\000x\000e\000m\000p\000l\000o\000\040\0003\000\040\040\023\000\040\000T\000e\000s\000t\000e\000\040\000d\000e\000\040\000m\000e\000s\000a\000\040\000e\000\040\000g\000a\000b\000a\000r\000i\000t\000o\000\040\000c\000o\000m\000\040\000s\000e\000t\000t\000r\000a\000c\000e}{section.5.2}% 55
\BOOKMARK [1][-]{section.5.3}{\376\377\000Q\000M\000\040\000p\000a\000r\000a\000m\000\351\000t\000r\000i\000c\000a\000\040\000c\000o\000m\000\040\000m\000\372\000l\000t\000i\000p\000l\000a\000s\000\040\000v\000a\000r\000i\000a\000\347\000\365\000e\000s\000:\000\040\000u\000m\000\040\000e\000s\000t\000u\000d\000o\000\040\000d\000e\000\040\000c\000a\000s\000o}{chapter.5}% 56
\BOOKMARK [1][-]{section.5.4}{\376\377\000Q\000T\000\040\000p\000a\000r\000a\000m\000\351\000t\000r\000i\000c\000a\000,\000\040\000c\000o\000m\000\040\000c\000\363\000d\000i\000g\000o}{chapter.5}% 57
\BOOKMARK [2][-]{subsection.5.4.1}{\376\377\000I\000n\000t\000r\000o\000d\000u\000\347\000\343\000o\000\040\000a\000o\000\040\000M\000o\000o\000d\000l\000e\000\040\000e\000\040\000a\000o\000\040\000V\000P\000L}{section.5.4}% 58
\BOOKMARK [2][-]{subsection.5.4.2}{\376\377\000Q\000u\000e\000s\000t\000\343\000o\000\040\000c\000o\000m\000\040\000e\000x\000e\000r\000c\000\355\000c\000i\000o\000\040\000d\000e\000\040\000p\000r\000o\000g\000r\000a\000m\000a\000\347\000\343\000o\000\040\000n\000o\000\040\000M\000o\000o\000d\000l\000e\000+\000V\000P\000L}{section.5.4}% 59
\BOOKMARK [2][-]{subsection.5.4.3}{\376\377\000Q\000u\000e\000s\000t\000\343\000o\000\040\000c\000o\000m\000\040\000e\000x\000e\000r\000c\000\355\000c\000i\000o\000\040\000d\000e\000\040\000p\000r\000o\000g\000r\000a\000m\000a\000\347\000\343\000o\000\040\000n\000o\000\040\000M\000C\000T\000e\000s\000t\000+\000M\000o\000o\000d\000l\000e\000+\000V\000P\000L}{section.5.4}% 60
\BOOKMARK [1][-]{section.5.5}{\376\377\000C\000o\000n\000s\000i\000d\000e\000r\000a\000\347\000\365\000e\000s\000\040\000f\000i\000n\000a\000i\000s}{chapter.5}% 61
\BOOKMARK [-1][-]{part.3}{\376\377\000I\000I\000I\000\040\000E\000x\000a\000m\000e\000s\000\040\000n\000o\000\040\000M\000C\000T\000e\000s\000t}{}% 62
\BOOKMARK [0][-]{chapter.6}{\376\377\000V\000i\000s\000\343\000o\000\040\000g\000e\000r\000a\000l\000\040\000d\000o\000s\000\040\000e\000x\000a\000m\000e\000s}{part.3}% 63
\BOOKMARK [1][-]{section.6.1}{\376\377\000A\000c\000e\000s\000s\000o\000\040\000\340\000\040\000t\000e\000l\000a\000\040\000d\000e\000\040\000e\000x\000a\000m\000e\000s}{chapter.6}% 64
\BOOKMARK [1][-]{section.6.2}{\376\377\000R\000e\000c\000o\000r\000t\000e\000\040\000I\000\040\000d\000a\000\040\000t\000e\000l\000a\000\040\000d\000e\000\040\000e\000x\000a\000m\000e}{chapter.6}% 65
\BOOKMARK [2][-]{subsection.6.2.1}{\376\377\000\301\000r\000e\000a\000\040\000\340\000\040\000e\000s\000q\000u\000e\000r\000d\000a}{section.6.2}% 66
\BOOKMARK [2][-]{subsection.6.2.2}{\376\377\000\301\000r\000e\000a\000\040\000c\000e\000n\000t\000r\000a\000l}{section.6.2}% 67
\BOOKMARK [2][-]{subsection.6.2.3}{\376\377\000\301\000r\000e\000a\000\040\000\340\000\040\000d\000i\000r\000e\000i\000t\000a}{section.6.2}% 68
\BOOKMARK [1][-]{section.6.3}{\376\377\000R\000e\000c\000o\000r\000t\000e\000\040\000I\000I\000\040\000d\000a\000\040\000t\000e\000l\000a\000\040\000d\000e\000\040\000e\000x\000a\000m\000e\000\040\040\023\000\040\000t\000u\000r\000m\000a\000s}{chapter.6}% 69
\BOOKMARK [1][-]{section.6.4}{\376\377\000R\000e\000c\000o\000r\000t\000e\000\040\000I\000I\000I\000\040\000d\000a\000\040\000t\000e\000l\000a\000\040\000d\000e\000\040\000e\000x\000a\000m\000e\000\040\040\023\000\040\000t\000\363\000p\000i\000c\000o\000s}{chapter.6}% 70
\BOOKMARK [1][-]{section.6.5}{\376\377\000R\000e\000c\000o\000r\000t\000e\000\040\000I\000V\000\040\000d\000a\000\040\000t\000e\000l\000a\000\040\000d\000e\000\040\000e\000x\000a\000m\000e\000\040\040\023\000\040\000q\000u\000e\000s\000t\000\365\000e\000s}{chapter.6}% 71
\BOOKMARK [1][-]{section.6.6}{\376\377\000R\000e\000c\000o\000r\000t\000e\000\040\000V\000\040\000d\000a\000\040\000t\000e\000l\000a\000\040\000d\000e\000\040\000e\000x\000a\000m\000e\000\040\040\023\000\040\000c\000o\000n\000f\000i\000g\000u\000r\000a\000n\000d\000o\000\040\000o\000s\000\040\000d\000e\000t\000a\000l\000h\000e\000s}{chapter.6}% 72
\BOOKMARK [1][-]{section.6.7}{\376\377\000C\000o\000n\000s\000i\000d\000e\000r\000a\000\347\000\365\000e\000s\000\040\000f\000i\000n\000a\000i\000s}{chapter.6}% 73
\BOOKMARK [0][-]{chapter.7}{\376\377\000E\000x\000a\000m\000e\000s\000\040\000c\000o\000m\000\040\000Q\000u\000a\000d\000r\000o\000\040\000d\000e\000\040\000R\000e\000s\000p\000o\000s\000t\000a\000s\000\040\000\050\000Q\000R\000\051}{part.3}% 74
\BOOKMARK [1][-]{section.7.1}{\376\377\000U\000t\000i\000l\000i\000z\000a\000n\000d\000o\000\040\000e\000x\000a\000m\000e\000s\000\040\000e\000x\000c\000l\000u\000s\000i\000v\000a\000m\000e\000n\000t\000e\000\040\000c\000o\000m\000\040\000Q\000R}{chapter.7}% 75
\BOOKMARK [2][-]{subsection.7.1.1}{\376\377\000E\000s\000t\000i\000l\000o\000\040\000v\000e\000r\000t\000i\000c\000a\000l}{section.7.1}% 76
\BOOKMARK [2][-]{subsection.7.1.2}{\376\377\000E\000s\000t\000i\000l\000o\000\040\000h\000o\000r\000i\000z\000o\000n\000t\000a\000l}{section.7.1}% 77
\BOOKMARK [1][-]{section.7.2}{\376\377\000R\000e\000s\000t\000r\000i\000\347\000\365\000e\000s\000\040\000n\000o\000s\000\040\000Q\000R\000s}{chapter.7}% 78
\BOOKMARK [1][-]{section.7.3}{\376\377\000C\000o\000r\000r\000i\000g\000i\000n\000d\000o\000\040\000e\000x\000a\000m\000e\000s\000\040\000c\000o\000m\000\040\000Q\000R}{chapter.7}% 79
\BOOKMARK [2][-]{subsection.7.3.1}{\376\377\000A\000r\000q\000u\000i\000v\000o\000\040\000C\000S\000V\000\040\000c\000o\000m\000\040\000a\000s\000\040\000c\000o\000r\000r\000e\000\347\000\365\000e\000s}{section.7.3}% 80
\BOOKMARK [2][-]{subsection.7.3.2}{\376\377\000T\000e\000o\000r\000i\000a\000\040\000d\000e\000\040\000R\000e\000s\000p\000o\000s\000t\000a\000\040\000a\000o\000\040\000I\000t\000e\000m}{section.7.3}% 81
\BOOKMARK [2][-]{subsection.7.3.3}{\376\377\000F\000e\000e\000d\000b\000a\000c\000k\000\040\000a\000o\000\040\000e\000s\000t\000u\000d\000a\000n\000t\000e}{section.7.3}% 82
\BOOKMARK [1][-]{section.7.4}{\376\377\000C\000o\000n\000s\000i\000d\000e\000r\000a\000\347\000\365\000e\000s\000\040\000f\000i\000n\000a\000i\000s}{chapter.7}% 83
\BOOKMARK [0][-]{chapter.8}{\376\377\000E\000x\000a\000m\000e\000s\000\040\000c\000o\000m\000\040\000Q\000R\000+\000Q\000M\000\040\000e\000/\000o\000u\000\040\000Q\000T}{part.3}% 84
\BOOKMARK [1][-]{section.8.1}{\376\377\000D\000e\000s\000e\000n\000v\000o\000l\000v\000e\000n\000d\000o\000\040\000Q\000M\000s\000\040\000e\000\040\000u\000m\000a\000\040\000Q\000T\000\040\000p\000a\000r\000a\000\040\000i\000n\000c\000l\000u\000s\000\343\000o\000\040\000e\000m\000\040\000u\000m\000\040\000e\000x\000a\000m\000e}{chapter.8}% 85
\BOOKMARK [2][-]{subsection.8.1.1}{\376\377\000Q\000T\000\040\000c\000o\000m\000\040\000v\000a\000l\000o\000r\000\040\000e\000x\000a\000t\000o}{section.8.1}% 86
\BOOKMARK [2][-]{subsection.8.1.2}{\376\377\000E\000l\000a\000b\000o\000r\000a\000r\000\040\000e\000x\000a\000m\000e\000\040\000c\000o\000m\000\040\000q\000u\000e\000s\000t\000\365\000e\000s\000\040\000f\000o\000r\000m\000u\000l\000a\000d\000a\000s}{section.8.1}% 87
\BOOKMARK [1][-]{section.8.2}{\376\377\000C\000r\000i\000a\000n\000d\000o\000\040\000a\000s\000\040\000v\000a\000r\000i\000a\000\347\000\365\000e\000s}{chapter.8}% 88
\BOOKMARK [1][-]{section.8.3}{\376\377\000D\000e\000t\000a\000l\000h\000a\000n\000d\000o\000\040\000o\000s\000\040\000g\000a\000b\000a\000r\000i\000t\000o\000s\000\040\000n\000o\000\040\000a\000r\000q\000u\000i\000v\000o\000\040\000C\000S\000V}{chapter.8}% 89
\BOOKMARK [1][-]{section.8.4}{\376\377\000C\000r\000i\000a\000n\000d\000o\000\040\000o\000\040\000P\000D\000F\000\040\000d\000o\000\040\000e\000x\000a\000m\000e\000\040\000c\000o\000m\000\040\000Q\000R\000+\000Q\000M\000+\000Q\000T}{chapter.8}% 90
\BOOKMARK [1][-]{section.8.5}{\376\377\000C\000o\000r\000r\000i\000g\000i\000n\000d\000o\000\040\000e\000x\000a\000m\000e\000s\000\040\000c\000o\000m\000\040\000Q\000R\000+\000Q\000M}{chapter.8}% 91
\BOOKMARK [1][-]{section.8.6}{\376\377\000E\000x\000a\000m\000e\000s\000\040\000a\000d\000a\000p\000t\000a\000t\000i\000v\000o\000s}{chapter.8}% 92
\BOOKMARK [2][-]{subsection.8.6.1}{\376\377\000E\000x\000e\000m\000p\000l\000i\000f\000i\000c\000a\000n\000d\000o\000\040\000o\000\040\000u\000s\000o\000\040\000d\000o\000\040\000m\000\351\000t\000o\000d\000o\000\040\000S\000A\000T}{section.8.6}% 93
\BOOKMARK [2][-]{subsection.8.6.2}{\376\377\000E\000s\000t\000i\000m\000a\000t\000i\000v\000a\000\040\000d\000o\000s\000\040\000p\000a\000r\000\342\000m\000e\000t\000r\000o\000s\000\040\000d\000o\000\040\000m\000o\000d\000e\000l\000o\000\040\000T\000R\000I}{section.8.6}% 94
\BOOKMARK [1][-]{section.8.7}{\376\377\000R\000e\000c\000o\000m\000e\000n\000d\000a\000\347\000\365\000e\000s\000\040\000p\000a\000r\000a\000\040\000r\000e\000a\000l\000i\000z\000a\000\347\000\343\000o\000\040\000t\000r\000a\000n\000q\000u\000i\000l\000a\000\040\000d\000e\000\040\000e\000x\000a\000m\000e\000s\000\040\000p\000r\000e\000s\000e\000n\000c\000i\000a\000i\000s}{chapter.8}% 95
\BOOKMARK [1][-]{section.8.8}{\376\377\000C\000o\000n\000s\000i\000d\000e\000r\000a\000\347\000\365\000e\000s\000\040\000f\000i\000n\000a\000i\000s}{chapter.8}% 96
\BOOKMARK [0][-]{chapter.9}{\376\377\000V\000a\000r\000i\000a\000\347\000\365\000e\000s\000\040\000d\000e\000\040\000e\000x\000a\000m\000e\000s\000\040\000c\000o\000m\000\040\000Q\000M\000+\000Q\000T\000\040\000p\000a\000r\000a\000\040\000o\000\040\000M\000o\000o\000d\000l\000e}{part.3}% 97
\BOOKMARK [1][-]{section.9.1}{\376\377\000C\000r\000i\000a\000n\000d\000o\000\040\000e\000x\000a\000m\000e\000s\000\040\000e\000\040\000e\000x\000p\000o\000r\000t\000a\000n\000d\000o\000\040\000a\000r\000q\000u\000i\000v\000o\000s\000\040\000A\000i\000k\000e\000n\000\040\000e\000\040\000X\000M\000L}{chapter.9}% 98
\BOOKMARK [2][-]{subsection.9.1.1}{\376\377\000Q\000M\000\040\040\023\000\040\000e\000q\000u\000a\000\347\000\343\000o\000\040\000d\000e\000\040\000p\000r\000i\000m\000e\000i\000r\000o\000\040\000g\000r\000a\000u\000\040\040\023\000\040\000i\000d\000a\000d\000e}{section.9.1}% 99
\BOOKMARK [2][-]{subsection.9.1.2}{\376\377\000Q\000M\000\040\040\023\000\040\000e\000q\000u\000a\000\347\000\343\000o\000\040\000d\000a\000\040\000r\000e\000t\000a}{section.9.1}% 100
\BOOKMARK [2][-]{subsection.9.1.3}{\376\377\000Q\000T\000\040\000c\000o\000m\000\040\000r\000e\000s\000p\000o\000s\000t\000a\000\040\000e\000x\000a\000t\000a\000\040\040\023\000\040\000o\000r\000d\000e\000n\000a\000\040\000p\000a\000r\000t\000e\000\040\000d\000o\000\040\000v\000e\000t\000o\000r}{section.9.1}% 101
\BOOKMARK [2][-]{subsection.9.1.4}{\376\377\000C\000r\000i\000a\000n\000d\000o\000\040\000e\000x\000a\000m\000e\000\040\000e\000\040\000e\000x\000p\000o\000r\000t\000a\000n\000d\000o\000\040\000a\000s\000\040\000v\000a\000r\000i\000a\000\347\000\365\000e\000s}{section.9.1}% 102
\BOOKMARK [1][-]{section.9.2}{\376\377\000I\000m\000p\000o\000r\000t\000a\000n\000d\000o\000\040\000a\000r\000q\000u\000i\000v\000o\000\040\000X\000M\000L\000\040\000n\000o\000\040\000M\000o\000o\000d\000l\000e}{chapter.9}% 103
\BOOKMARK [1][-]{section.9.3}{\376\377\000C\000o\000n\000s\000i\000d\000e\000r\000a\000\347\000\365\000e\000s\000\040\000f\000i\000n\000a\000i\000s}{chapter.9}% 104
\BOOKMARK [0][-]{chapter.10}{\376\377\000E\000x\000a\000m\000e\000s\000\040\000c\000o\000m\000\040\000M\000C\000T\000e\000s\000t\000+\000M\000o\000o\000d\000l\000e\000+\000V\000P\000L}{part.3}% 105
\BOOKMARK [1][-]{section.10.1}{\376\377\000C\000r\000i\000a\000n\000d\000o\000\040\000u\000m\000\040\000e\000x\000a\000m\000e\000\040\000c\000o\000m\000\040\000Q\000T\000\040\000i\000n\000t\000e\000g\000r\000a\000d\000o\000\040\000a\000o\000\040\000V\000P\000L}{chapter.10}% 106
\BOOKMARK [2][-]{subsection.10.1.1}{\376\377\000C\000r\000i\000a\000n\000d\000o\000\040\000u\000m\000a\000\040\000n\000o\000v\000a\000\040\000q\000u\000e\000s\000t\000\343\000o\000\040\000c\000o\000m\000\040\000m\000a\000t\000r\000i\000z\000\040\000i\000n\000t\000e\000g\000r\000a\000d\000a\000\040\000a\000o\000\040\000V\000P\000L}{section.10.1}% 107
\BOOKMARK [2][-]{subsection.10.1.2}{\376\377\000C\000r\000i\000a\000n\000d\000o\000\040\000a\000s\000\040\000v\000a\000r\000i\000a\000\347\000\365\000e\000s\000\040\000e\000\040\000i\000m\000p\000r\000i\000m\000i\000n\000d\000o\000\040\000o\000\040\000P\000D\000F\000\040\000d\000o\000\040\000e\000x\000a\000m\000e}{section.10.1}% 108
\BOOKMARK [1][-]{section.10.2}{\376\377\000C\000r\000i\000a\000n\000d\000o\000\040\000e\000\040\000c\000o\000n\000f\000i\000g\000u\000r\000a\000n\000d\000o\000\040\000a\000\040\000a\000t\000i\000v\000i\000d\000a\000d\000e\000\040\000V\000P\000L\000\040\000p\000a\000r\000a\000\040\000o\000\040\000e\000x\000a\000m\000e}{chapter.10}% 109
\BOOKMARK [1][-]{section.10.3}{\376\377\000S\000o\000l\000u\000\347\000\365\000e\000s\000\040\000d\000a\000\040\000a\000t\000i\000v\000i\000d\000a\000d\000e\000\040\000V\000P\000L\000\040\000p\000a\000r\000a\000\040\000o\000\040\000e\000x\000a\000m\000e}{chapter.10}% 110
\BOOKMARK [1][-]{section.10.4}{\376\377\000D\000e\000t\000a\000l\000h\000a\000n\000d\000o\000\040\000o\000\040\000a\000r\000q\000u\000i\000v\000o\000\040\000l\000i\000n\000k\000e\000r\000.\000j\000s\000o\000n}{chapter.10}% 111
\BOOKMARK [1][-]{section.10.5}{\376\377\000C\000o\000n\000s\000i\000d\000e\000r\000a\000\347\000\365\000e\000s\000\040\000f\000i\000n\000a\000i\000s}{chapter.10}% 112
\BOOKMARK [-1][-]{part.4}{\376\377\000I\000V\000\040\000E\000x\000p\000e\000r\000i\000m\000e\000n\000t\000o\000s}{}% 113
\BOOKMARK [0][-]{chapter.11}{\376\377\000M\000C\000T\000e\000s\000t\000\040\000v\000e\000r\000s\000\365\000e\000s\000\040\0001\000,\000\040\0002\000\040\000e\000\040\0003\000\040\000-\000\040\000Q\000u\000a\000d\000r\000o\000\040\000d\000e\000\040\000R\000e\000s\000p\000o\000s\000t\000a\000s\000\040\000\050\000Q\000R\000\051}{part.4}% 114
\BOOKMARK [1][-]{section.11.1}{\376\377\000M\000C\000T\000e\000s\000t\000-\0001\000:\000\040\000v\000e\000r\000s\000\343\000o\000\040\000n\000o\000\040\000M\000a\000t\000l\000a\000b}{chapter.11}% 115
\BOOKMARK [1][-]{section.11.2}{\376\377\000M\000C\000T\000e\000s\000t\000-\0002\000:\000\040\000v\000e\000r\000s\000\343\000o\000\040\000n\000o\000\040\000A\000n\000d\000r\000o\000i\000d}{chapter.11}% 116
\BOOKMARK [1][-]{section.11.3}{\376\377\000C\000o\000n\000s\000i\000d\000e\000r\000a\000\347\000\365\000e\000s\000\040\000f\000i\000n\000a\000i\000s}{chapter.11}% 117
\BOOKMARK [0][-]{chapter.12}{\376\377\000M\000C\000T\000e\000s\000t\000\040\000v\000e\000r\000s\000\365\000e\000s\000\040\0004\000,\000\040\0004\000.\000G\000\040\000e\000\040\0005}{part.4}% 118
\BOOKMARK [1][-]{section.12.1}{\376\377\000M\000C\000T\000e\000s\000t\000-\0004\000:\000\040\000g\000e\000r\000a\000n\000d\000o\000\040\000e\000\040\000c\000o\000r\000r\000i\000g\000i\000n\000d\000o\000\040\000q\000u\000e\000s\000t\000\365\000e\000s\000\040\000c\000r\000i\000a\000d\000a\000s\000\040\000n\000o\000\040\000L\000a\000T\000e\000X}{chapter.12}% 119
\BOOKMARK [2][-]{subsection.12.1.1}{\376\377\000A\000r\000t\000i\000g\000o\000\040\000d\000e\000s\000c\000r\000e\000v\000e\000n\000d\000o\000\040\000a\000s\000\040\000v\000e\000r\000s\000\365\000e\000s\000\040\000d\000o\000\040\000M\000C\000T\000e\000s\000t\000\040\0004\000\040\000e\000\040\0004\000.\000G}{section.12.1}% 120
\BOOKMARK [2][-]{subsection.12.1.2}{\376\377\000A\000r\000t\000i\000g\000o\000\040\000c\000o\000m\000p\000a\000r\000a\000n\000d\000o\000\040\000a\000s\000\040\000m\000o\000d\000a\000l\000i\000d\000a\000d\000e\000s\000\040\000s\000e\000m\000i\000p\000r\000e\000s\000e\000n\000c\000i\000a\000l\000\040\000e\000\040\000p\000r\000e\000s\000e\000n\000c\000i\000a\000l\000\040\000C\000S\0001\000\040\000c\000o\000m\000\040\000b\000a\000s\000e\000\040\000n\000a\000\040\000u\000t\000i\000l\000i\000d\000a\000d\000e\000\040\000d\000o\000\040\000M\000C\000T\000e\000s\000t\000-\0004}{section.12.1}% 121
\BOOKMARK [2][-]{subsection.12.1.3}{\376\377\000A\000r\000t\000i\000g\000o\000\040\000d\000e\000f\000i\000n\000i\000n\000d\000o\000\040\000a\000\040\000p\000a\000r\000a\000m\000e\000t\000r\000i\000z\000a\000\347\000\343\000o\000\040\000d\000o\000\040\000M\000C\000T\000e\000s\000t\000\040\000a\000p\000\363\000s\000\040\000a\000\040\000v\000e\000r\000s\000\343\000o\000\040\0004}{section.12.1}% 122
\BOOKMARK [1][-]{section.12.2}{\376\377\000M\000C\000T\000e\000s\000t\000-\0005\000:\000\040\000a\000\040\000v\000e\000r\000s\000\343\000o\000\040\000w\000e\000b}{chapter.12}% 123
\BOOKMARK [2][-]{subsection.12.2.1}{\376\377\000A\000r\000t\000i\000g\000o\000\040\000a\000p\000r\000e\000s\000e\000n\000t\000a\000n\000d\000o\000\040\000a\000\040\000p\000r\000i\000m\000e\000i\000r\000a\000\040\000v\000e\000r\000s\000\343\000o\000\040\000w\000e\000b\000\040\000d\000o\000\040\000M\000C\000T\000e\000s\000t}{section.12.2}% 124
\BOOKMARK [2][-]{subsection.12.2.2}{\376\377\000A\000r\000t\000i\000g\000o\000\040\000d\000e\000s\000c\000r\000e\000v\000e\000n\000d\000o\000\040\000o\000\040\000M\000C\000T\000e\000s\000t\000\040\000e\000m\000\040\000c\000o\000n\000j\000u\000n\000t\000o\000\040\000c\000o\000m\000\040\000G\000o\000o\000g\000l\000e\000\040\000F\000o\000r\000m\000s\000\040\000e\000\040\000G\000o\000o\000g\000l\000e\000\040\000S\000h\000e\000e\000t\000s}{section.12.2}% 125
\BOOKMARK [2][-]{subsection.12.2.3}{\376\377\000A\000r\000t\000i\000g\000o\000\040\000d\000e\000s\000c\000r\000e\000v\000e\000n\000d\000o\000\040\000a\000\040\000a\000d\000o\000\347\000\343\000o\000\040\000d\000e\000\040\000Q\000M\000s\000\040\000c\000o\000m\000\040\000\040\000p\000e\000s\000o\000s\000\040\000d\000i\000f\000e\000r\000e\000n\000t\000e\000s\000\040\000\040\000n\000a\000s\000\040\000\040\000a\000l\000t\000e\000r\000n\000a\000t\000i\000v\000a\000s}{section.12.2}% 126
\BOOKMARK [1][-]{section.12.3}{\376\377\000C\000o\000n\000s\000i\000d\000e\000r\000a\000\347\000\365\000e\000s\000\040\000f\000i\000n\000a\000i\000s}{chapter.12}% 127
\BOOKMARK [0][-]{chapter.13}{\376\377\000M\000C\000T\000e\000s\000t\000+\000M\000o\000o\000d\000l\000e\000+\000V\000P\000L}{part.4}% 128
\BOOKMARK [1][-]{section.13.1}{\376\377\000M\000C\000T\000e\000s\000t\000-\0005\000,\000\040\000c\000o\000m\000\040\000M\000o\000o\000d\000l\000e}{chapter.13}% 129
\BOOKMARK [1][-]{section.13.2}{\376\377\000M\000C\000T\000e\000s\000t\000-\0005\000,\000\040\000c\000o\000m\000\040\000M\000o\000o\000d\000l\000e\000+\000V\000P\000L}{chapter.13}% 130
\BOOKMARK [2][-]{subsection.13.2.1}{\376\377\000A\000r\000t\000i\000g\000o\000\040\000c\000o\000m\000\040\000a\000\040\000p\000r\000i\000m\000e\000i\000r\000a\000\040\000i\000n\000t\000e\000g\000r\000a\000\347\000\343\000o\000\040\000e\000n\000t\000r\000e\000\040\000M\000C\000T\000e\000s\000t\000+\000M\000o\000o\000d\000l\000e\000+\000V\000P\000L}{section.13.2}% 131
\BOOKMARK [2][-]{subsection.13.2.2}{\376\377\000A\000r\000t\000i\000g\000o\000\040\000a\000p\000l\000i\000c\000a\000n\000d\000o\000\040\000a\000\040\000i\000n\000t\000e\000g\000r\000a\000\347\000\343\000o\000\040\000M\000C\000T\000e\000s\000t\000+\000M\000o\000o\000d\000l\000e\000+\000V\000P\000L\000\040\000e\000m\000\040\000C\000S\0000}{section.13.2}% 132
\BOOKMARK [2][-]{subsection.13.2.3}{\376\377\000A\000r\000t\000i\000g\000o\000\040\000s\000o\000b\000r\000e\000\040\000o\000\040\000u\000s\000o\000\040\000d\000e\000\040\000m\000\372\000l\000t\000i\000p\000l\000a\000s\000\040\000l\000i\000n\000g\000u\000a\000g\000e\000n\000s\000\040\000d\000e\000\040\000p\000r\000o\000g\000r\000a\000m\000a\000\347\000\343\000o\000\040\000e\000m\000\040\000C\000S\0001}{section.13.2}% 133
\BOOKMARK [2][-]{subsection.13.2.4}{\376\377\000A\000r\000t\000i\000g\000o\000\040\000a\000p\000l\000i\000c\000a\000n\000d\000o\000\040\000a\000\040\000i\000n\000t\000e\000g\000r\000a\000\347\000\343\000o\000\040\000M\000C\000T\000e\000s\000t\000+\000M\000o\000o\000d\000l\000e\000+\000V\000P\000L\000\040\000e\000m\000\040\000C\000S\0001}{section.13.2}% 134
\BOOKMARK [2][-]{subsection.13.2.5}{\376\377\000A\000r\000t\000i\000g\000o\000\040\000e\000x\000p\000l\000o\000r\000a\000n\000d\000o\000\040\000a\000\040\000i\000n\000t\000e\000g\000r\000a\000\347\000\343\000o\000\040\000d\000e\000\040\000j\000o\000g\000o\000s\000\040\000n\000o\000\040\000e\000n\000s\000i\000n\000o\000\040\000d\000e\000\040\000C\000S\0000}{section.13.2}% 135
\BOOKMARK [1][-]{section.13.3}{\376\377\000C\000o\000n\000s\000i\000d\000e\000r\000a\000\347\000\365\000e\000s\000\040\000f\000i\000n\000a\000i\000s}{chapter.13}% 136
\BOOKMARK [0][-]{chapter.14}{\376\377\000C\000o\000n\000c\000l\000u\000s\000\365\000e\000s}{part.4}% 137
\BOOKMARK [1][-]{section.14.1}{\376\377\000N\000o\000v\000a\000s\000\040\000p\000o\000s\000s\000i\000b\000i\000l\000i\000d\000a\000d\000e\000s\000\040\000d\000e\000\040\000a\000p\000r\000i\000m\000o\000r\000a\000m\000e\000n\000t\000o}{chapter.14}% 138
\BOOKMARK [1][-]{section.14.2}{\376\377\000N\000o\000v\000a\000s\000\040\000p\000u\000b\000l\000i\000c\000a\000\347\000\365\000e\000s}{chapter.14}% 139
\BOOKMARK [1][-]{section.14.3}{\376\377\000N\000o\000v\000a\000s\000\040\000e\000d\000i\000\347\000\365\000e\000s\000\040\000d\000e\000s\000t\000e\000\040\000l\000i\000v\000r\000o}{chapter.14}% 140
\BOOKMARK [0][-]{chapter*.167}{\376\377\000B\000i\000b\000l\000i\000o\000g\000r\000a\000f\000i\000a}{part.4}% 141
